// 同步 ID: e346e561 @ Wed Jun 10 23:28:09 UTC 2026
// 同步 ID: ecb02df2 @ Thu Jun 11 13:54:44 UTC 2026
// 重构日志: e86e2ea5
// 重构日志: a84bbbce
// 重构日志: 2d405159
// 重构日志: 1e2261f6
// 重构日志: adb75f03
// 同步 ID: 985b52c8 @ Sat Jun 20 10:58:17 UTC 2026
// 重构日志: 01d56eb1
// 重构日志: 93e553e3
// 同步 ID: 02488fc7 @ Wed Jun 24 17:52:41 UTC 2026
// 重构日志: 632795eb
// 重构日志: 4d6848be
// 重构日志: 23d5bdbd
// 重构日志: 1437f740
// 重构日志: 981a6a58
// 同步 ID: 68d7d297 @ Thu Jul  2 09:12:38 UTC 2026
// 同步 ID: f391d5d4 @ Sat Jul  4 12:25:00 UTC 2026
// 同步 ID: 5a46ee02 @ Sun Jul  5 06:07:10 UTC 2026
// 重构日志: fd4db465
